$ next dev --turbopack
   ▲ Next.js 15.5.3 (Turbopack)
   - Local:        http://localhost:3000
   - Network:      http://169.254.0.21:3000

 ✓ Starting...
Attention: Next.js now collects completely anonymous telemetry regarding usage.
This information is used to shape Next.js' roadmap and prioritize features.
You can learn more, including how to opt-out if you'd not like to participate in this anonymous program, by visiting the following URL:
https://nextjs.org/telemetry

 ✓ Ready in 1527ms
   Reload env: .env
   Reload env: .env.local
   Reload env: .env.local
 ○ Compiling / ...
 ✓ Compiled / in 6.5s
 ⚠ metadataBase property in metadata export is not set for resolving social open graph or twitter images, using "http://localhost:3000". See https://nextjs.org/docs/app/api-reference/functions/generate-metadata#metadatabase
 GET / 200 in 7479ms
 GET / 200 in 5727ms
 ⚠ Cross origin request detected from feedbackloop.lindy.site to /_next/* resource. In a future major version of Next.js, you will need to explicitly configure "allowedDevOrigins" in next.config to allow this.
Read more: https://nextjs.org/docs/app/api-reference/config/next-config-js/allowedDevOrigins
 ○ Compiling /favicon.ico ...
 ✓ Compiled /favicon.ico in 716ms
 GET /favicon.ico?favicon.bf3c9292.ico 200 in 987ms
prisma:query SELECT "public"."FeedbackPost"."id", "public"."FeedbackPost"."title", "public"."FeedbackPost"."description", "public"."FeedbackPost"."category", "public"."FeedbackPost"."status", "public"."FeedbackPost"."upvotes", "public"."FeedbackPost"."downvotes", "public"."FeedbackPost"."authorId", "public"."FeedbackPost"."createdAt", "public"."FeedbackPost"."updatedAt", COALESCE("aggr_selection_0_Vote"."_aggr_count_votes", 0) AS "_aggr_count_votes", COALESCE("aggr_selection_1_Comment"."_aggr_count_comments", 0) AS "_aggr_count_comments" FROM "public"."FeedbackPost" LEFT JOIN (SELECT "public"."Vote"."postId", COUNT(*) AS "_aggr_count_votes" FROM "public"."Vote" WHERE 1=1 GROUP BY "public"."Vote"."postId") AS "aggr_selection_0_Vote" ON ("public"."FeedbackPost"."id" = "aggr_selection_0_Vote"."postId") LEFT JOIN (SELECT "public"."Comment"."postId", COUNT(*) AS "_aggr_count_comments" FROM "public"."Comment" WHERE 1=1 GROUP BY "public"."Comment"."postId") AS "aggr_selection_1_Comment" ON ("public"."FeedbackPost"."id" = "aggr_selection_1_Comment"."postId") WHERE 1=1 ORDER BY "public"."FeedbackPost"."createdAt" DESC OFFSET $1
 GET /api/feedback?sort=newest 200 in 1155ms
prisma:query SELECT "public"."FeedbackPost"."id", "public"."FeedbackPost"."title", "public"."FeedbackPost"."description", "public"."FeedbackPost"."category", "public"."FeedbackPost"."status", "public"."FeedbackPost"."upvotes", "public"."FeedbackPost"."downvotes", "public"."FeedbackPost"."authorId", "public"."FeedbackPost"."createdAt", "public"."FeedbackPost"."updatedAt", COALESCE("aggr_selection_0_Vote"."_aggr_count_votes", 0) AS "_aggr_count_votes", COALESCE("aggr_selection_1_Comment"."_aggr_count_comments", 0) AS "_aggr_count_comments" FROM "public"."FeedbackPost" LEFT JOIN (SELECT "public"."Vote"."postId", COUNT(*) AS "_aggr_count_votes" FROM "public"."Vote" WHERE 1=1 GROUP BY "public"."Vote"."postId") AS "aggr_selection_0_Vote" ON ("public"."FeedbackPost"."id" = "aggr_selection_0_Vote"."postId") LEFT JOIN (SELECT "public"."Comment"."postId", COUNT(*) AS "_aggr_count_comments" FROM "public"."Comment" WHERE 1=1 GROUP BY "public"."Comment"."postId") AS "aggr_selection_1_Comment" ON ("public"."FeedbackPost"."id" = "aggr_selection_1_Comment"."postId") WHERE 1=1 ORDER BY "public"."FeedbackPost"."createdAt" DESC OFFSET $1
 GET /api/feedback?sort=newest 200 in 295ms
 ○ Compiling /admin ...
 ✓ Compiled /admin in 596ms
 GET /admin 200 in 788ms
prisma:query SELECT 1
prisma:query SELECT "public"."FeedbackPost"."id", "public"."FeedbackPost"."title", "public"."FeedbackPost"."description", "public"."FeedbackPost"."category", "public"."FeedbackPost"."status", "public"."FeedbackPost"."upvotes", "public"."FeedbackPost"."downvotes", "public"."FeedbackPost"."authorId", "public"."FeedbackPost"."createdAt", "public"."FeedbackPost"."updatedAt", COALESCE("aggr_selection_0_Vote"."_aggr_count_votes", 0) AS "_aggr_count_votes", COALESCE("aggr_selection_1_Comment"."_aggr_count_comments", 0) AS "_aggr_count_comments" FROM "public"."FeedbackPost" LEFT JOIN (SELECT "public"."Vote"."postId", COUNT(*) AS "_aggr_count_votes" FROM "public"."Vote" WHERE 1=1 GROUP BY "public"."Vote"."postId") AS "aggr_selection_0_Vote" ON ("public"."FeedbackPost"."id" = "aggr_selection_0_Vote"."postId") LEFT JOIN (SELECT "public"."Comment"."postId", COUNT(*) AS "_aggr_count_comments" FROM "public"."Comment" WHERE 1=1 GROUP BY "public"."Comment"."postId") AS "aggr_selection_1_Comment" ON ("public"."FeedbackPost"."id" = "aggr_selection_1_Comment"."postId") WHERE 1=1 ORDER BY "public"."FeedbackPost"."createdAt" DESC OFFSET $1
 GET /api/feedback? 200 in 279ms
prisma:query SELECT "public"."FeedbackPost"."id", "public"."FeedbackPost"."title", "public"."FeedbackPost"."description", "public"."FeedbackPost"."category", "public"."FeedbackPost"."status", "public"."FeedbackPost"."upvotes", "public"."FeedbackPost"."downvotes", "public"."FeedbackPost"."authorId", "public"."FeedbackPost"."createdAt", "public"."FeedbackPost"."updatedAt", COALESCE("aggr_selection_0_Vote"."_aggr_count_votes", 0) AS "_aggr_count_votes", COALESCE("aggr_selection_1_Comment"."_aggr_count_comments", 0) AS "_aggr_count_comments" FROM "public"."FeedbackPost" LEFT JOIN (SELECT "public"."Vote"."postId", COUNT(*) AS "_aggr_count_votes" FROM "public"."Vote" WHERE 1=1 GROUP BY "public"."Vote"."postId") AS "aggr_selection_0_Vote" ON ("public"."FeedbackPost"."id" = "aggr_selection_0_Vote"."postId") LEFT JOIN (SELECT "public"."Comment"."postId", COUNT(*) AS "_aggr_count_comments" FROM "public"."Comment" WHERE 1=1 GROUP BY "public"."Comment"."postId") AS "aggr_selection_1_Comment" ON ("public"."FeedbackPost"."id" = "aggr_selection_1_Comment"."postId") WHERE 1=1 ORDER BY "public"."FeedbackPost"."createdAt" DESC OFFSET $1
 GET /api/feedback 200 in 262ms
 ✓ Compiled in 258ms
prisma:query SELECT 1
prisma:query SELECT "public"."FeedbackPost"."id", "public"."FeedbackPost"."title", "public"."FeedbackPost"."description", "public"."FeedbackPost"."category", "public"."FeedbackPost"."status", "public"."FeedbackPost"."upvotes", "public"."FeedbackPost"."downvotes", "public"."FeedbackPost"."authorId", "public"."FeedbackPost"."createdAt", "public"."FeedbackPost"."updatedAt", COALESCE("aggr_selection_0_Vote"."_aggr_count_votes", 0) AS "_aggr_count_votes", COALESCE("aggr_selection_1_Comment"."_aggr_count_comments", 0) AS "_aggr_count_comments" FROM "public"."FeedbackPost" LEFT JOIN (SELECT "public"."Vote"."postId", COUNT(*) AS "_aggr_count_votes" FROM "public"."Vote" WHERE 1=1 GROUP BY "public"."Vote"."postId") AS "aggr_selection_0_Vote" ON ("public"."FeedbackPost"."id" = "aggr_selection_0_Vote"."postId") LEFT JOIN (SELECT "public"."Comment"."postId", COUNT(*) AS "_aggr_count_comments" FROM "public"."Comment" WHERE 1=1 GROUP BY "public"."Comment"."postId") AS "aggr_selection_1_Comment" ON ("public"."FeedbackPost"."id" = "aggr_selection_1_Comment"."postId") WHERE "public"."FeedbackPost"."category" = $1 ORDER BY "public"."FeedbackPost"."createdAt" DESC OFFSET $2
 GET /api/feedback?category=feature-request&sort=newest 200 in 274ms
prisma:query SELECT "public"."FeedbackPost"."id", "public"."FeedbackPost"."title", "public"."FeedbackPost"."description", "public"."FeedbackPost"."category", "public"."FeedbackPost"."status", "public"."FeedbackPost"."upvotes", "public"."FeedbackPost"."downvotes", "public"."FeedbackPost"."authorId", "public"."FeedbackPost"."createdAt", "public"."FeedbackPost"."updatedAt", COALESCE("aggr_selection_0_Vote"."_aggr_count_votes", 0) AS "_aggr_count_votes", COALESCE("aggr_selection_1_Comment"."_aggr_count_comments", 0) AS "_aggr_count_comments" FROM "public"."FeedbackPost" LEFT JOIN (SELECT "public"."Vote"."postId", COUNT(*) AS "_aggr_count_votes" FROM "public"."Vote" WHERE 1=1 GROUP BY "public"."Vote"."postId") AS "aggr_selection_0_Vote" ON ("public"."FeedbackPost"."id" = "aggr_selection_0_Vote"."postId") LEFT JOIN (SELECT "public"."Comment"."postId", COUNT(*) AS "_aggr_count_comments" FROM "public"."Comment" WHERE 1=1 GROUP BY "public"."Comment"."postId") AS "aggr_selection_1_Comment" ON ("public"."FeedbackPost"."id" = "aggr_selection_1_Comment"."postId") WHERE "public"."FeedbackPost"."category" = $1 ORDER BY "public"."FeedbackPost"."createdAt" DESC OFFSET $2
 GET /api/feedback?category=bug-report&sort=newest 200 in 263ms
prisma:query SELECT "public"."FeedbackPost"."id", "public"."FeedbackPost"."title", "public"."FeedbackPost"."description", "public"."FeedbackPost"."category", "public"."FeedbackPost"."status", "public"."FeedbackPost"."upvotes", "public"."FeedbackPost"."downvotes", "public"."FeedbackPost"."authorId", "public"."FeedbackPost"."createdAt", "public"."FeedbackPost"."updatedAt", COALESCE("aggr_selection_0_Vote"."_aggr_count_votes", 0) AS "_aggr_count_votes", COALESCE("aggr_selection_1_Comment"."_aggr_count_comments", 0) AS "_aggr_count_comments" FROM "public"."FeedbackPost" LEFT JOIN (SELECT "public"."Vote"."postId", COUNT(*) AS "_aggr_count_votes" FROM "public"."Vote" WHERE 1=1 GROUP BY "public"."Vote"."postId") AS "aggr_selection_0_Vote" ON ("public"."FeedbackPost"."id" = "aggr_selection_0_Vote"."postId") LEFT JOIN (SELECT "public"."Comment"."postId", COUNT(*) AS "_aggr_count_comments" FROM "public"."Comment" WHERE 1=1 GROUP BY "public"."Comment"."postId") AS "aggr_selection_1_Comment" ON ("public"."FeedbackPost"."id" = "aggr_selection_1_Comment"."postId") WHERE "public"."FeedbackPost"."category" = $1 ORDER BY "public"."FeedbackPost"."createdAt" DESC OFFSET $2
 GET /api/feedback?category=improvement&sort=newest 200 in 272ms
prisma:query SELECT "public"."FeedbackPost"."id", "public"."FeedbackPost"."title", "public"."FeedbackPost"."description", "public"."FeedbackPost"."category", "public"."FeedbackPost"."status", "public"."FeedbackPost"."upvotes", "public"."FeedbackPost"."downvotes", "public"."FeedbackPost"."authorId", "public"."FeedbackPost"."createdAt", "public"."FeedbackPost"."updatedAt", COALESCE("aggr_selection_0_Vote"."_aggr_count_votes", 0) AS "_aggr_count_votes", COALESCE("aggr_selection_1_Comment"."_aggr_count_comments", 0) AS "_aggr_count_comments" FROM "public"."FeedbackPost" LEFT JOIN (SELECT "public"."Vote"."postId", COUNT(*) AS "_aggr_count_votes" FROM "public"."Vote" WHERE 1=1 GROUP BY "public"."Vote"."postId") AS "aggr_selection_0_Vote" ON ("public"."FeedbackPost"."id" = "aggr_selection_0_Vote"."postId") LEFT JOIN (SELECT "public"."Comment"."postId", COUNT(*) AS "_aggr_count_comments" FROM "public"."Comment" WHERE 1=1 GROUP BY "public"."Comment"."postId") AS "aggr_selection_1_Comment" ON ("public"."FeedbackPost"."id" = "aggr_selection_1_Comment"."postId") WHERE "public"."FeedbackPost"."category" = $1 ORDER BY "public"."FeedbackPost"."upvotes" DESC OFFSET $2
 GET /api/feedback?category=improvement&sort=popular 200 in 260ms
prisma:query SELECT "public"."FeedbackPost"."id", "public"."FeedbackPost"."title", "public"."FeedbackPost"."description", "public"."FeedbackPost"."category", "public"."FeedbackPost"."status", "public"."FeedbackPost"."upvotes", "public"."FeedbackPost"."downvotes", "public"."FeedbackPost"."authorId", "public"."FeedbackPost"."createdAt", "public"."FeedbackPost"."updatedAt", COALESCE("aggr_selection_0_Vote"."_aggr_count_votes", 0) AS "_aggr_count_votes", COALESCE("aggr_selection_1_Comment"."_aggr_count_comments", 0) AS "_aggr_count_comments" FROM "public"."FeedbackPost" LEFT JOIN (SELECT "public"."Vote"."postId", COUNT(*) AS "_aggr_count_votes" FROM "public"."Vote" WHERE 1=1 GROUP BY "public"."Vote"."postId") AS "aggr_selection_0_Vote" ON ("public"."FeedbackPost"."id" = "aggr_selection_0_Vote"."postId") LEFT JOIN (SELECT "public"."Comment"."postId", COUNT(*) AS "_aggr_count_comments" FROM "public"."Comment" WHERE 1=1 GROUP BY "public"."Comment"."postId") AS "aggr_selection_1_Comment" ON ("public"."FeedbackPost"."id" = "aggr_selection_1_Comment"."postId") WHERE "public"."FeedbackPost"."category" = $1 ORDER BY "public"."FeedbackPost"."upvotes" DESC, "public"."FeedbackPost"."downvotes" DESC OFFSET $2
 GET /api/feedback?category=improvement&sort=controversial 200 in 263ms
 GET / 200 in 213ms
prisma:query SELECT "public"."FeedbackPost"."id", "public"."FeedbackPost"."title", "public"."FeedbackPost"."description", "public"."FeedbackPost"."category", "public"."FeedbackPost"."status", "public"."FeedbackPost"."upvotes", "public"."FeedbackPost"."downvotes", "public"."FeedbackPost"."authorId", "public"."FeedbackPost"."createdAt", "public"."FeedbackPost"."updatedAt", COALESCE("aggr_selection_0_Vote"."_aggr_count_votes", 0) AS "_aggr_count_votes", COALESCE("aggr_selection_1_Comment"."_aggr_count_comments", 0) AS "_aggr_count_comments" FROM "public"."FeedbackPost" LEFT JOIN (SELECT "public"."Vote"."postId", COUNT(*) AS "_aggr_count_votes" FROM "public"."Vote" WHERE 1=1 GROUP BY "public"."Vote"."postId") AS "aggr_selection_0_Vote" ON ("public"."FeedbackPost"."id" = "aggr_selection_0_Vote"."postId") LEFT JOIN (SELECT "public"."Comment"."postId", COUNT(*) AS "_aggr_count_comments" FROM "public"."Comment" WHERE 1=1 GROUP BY "public"."Comment"."postId") AS "aggr_selection_1_Comment" ON ("public"."FeedbackPost"."id" = "aggr_selection_1_Comment"."postId") WHERE 1=1 ORDER BY "public"."FeedbackPost"."createdAt" DESC OFFSET $1
 GET /api/feedback?sort=newest 200 in 304ms
